Using pre-set license
Built from '2021.3/staging' branch; Version is '2021.3.1f1 (3b70a0754835) revision 3895456'; Using compiler version '192829333'; Build Type 'Release'
OS: 'Windows 10  (10.0.19044) 64bit Core' Language: 'ko' Physical Memory: 8102 MB
BatchMode: 1, IsHumanControllingUs: 0, StartBugReporterOnCrash: 0, Is64bit: 1, IsPro: 1

COMMAND LINE ARGUMENTS:
D:\unity2021.3.1f1\2021.3.1f1\Editor\Unity.exe
-adb2
-batchMode
-noUpm
-name
AssetImportWorker0
-projectPath
C:/Users/Laptop/Desktop/EMG
-logFile
Logs/AssetImportWorker0.log
-srvPort
60008
Successfully changed project path to: C:/Users/Laptop/Desktop/EMG
C:/Users/Laptop/Desktop/EMG
[UnityMemory] Configuration Parameters - Can be set up in boot.config
    "memorysetup-bucket-allocator-granularity=16"
    "memorysetup-bucket-allocator-bucket-count=8"
    "memorysetup-bucket-allocator-block-size=33554432"
    "memorysetup-bucket-allocator-block-count=8"
    "memorysetup-main-allocator-block-size=16777216"
    "memorysetup-thread-allocator-block-size=16777216"
    "memorysetup-gfx-main-allocator-block-size=16777216"
    "memorysetup-gfx-thread-allocator-block-size=16777216"
    "memorysetup-cache-allocator-block-size=4194304"
    "memorysetup-typetree-allocator-block-size=2097152"
    "memorysetup-profiler-bucket-allocator-granularity=16"
    "memorysetup-profiler-bucket-allocator-bucket-count=8"
    "memorysetup-profiler-bucket-allocator-block-size=33554432"
    "memorysetup-profiler-bucket-allocator-block-count=8"
    "memorysetup-profiler-allocator-block-size=16777216"
    "memorysetup-profiler-editor-allocator-block-size=1048576"
    "memorysetup-temp-allocator-size-main=16777216"
    "memorysetup-job-temp-allocator-block-size=2097152"
    "memorysetup-job-temp-allocator-block-size-background=1048576"
    "memorysetup-job-temp-allocator-reduction-small-platforms=262144"
    "memorysetup-temp-allocator-size-background-worker=32768"
    "memorysetup-temp-allocator-size-job-worker=262144"
    "memorysetup-temp-allocator-size-preload-manager=33554432"
    "memorysetup-temp-allocator-size-nav-mesh-worker=65536"
    "memorysetup-temp-allocator-size-audio-worker=65536"
    "memorysetup-temp-allocator-size-cloud-worker=32768"
    "memorysetup-temp-allocator-size-gi-baking-worker=262144"
    "memorysetup-temp-allocator-size-gfx=262144"
Refreshing native plugins compatible for Editor in 154.72 ms, found 4 plugins.
Preloading 0 native plugins for Editor in 0.00 ms.
Initialize engine version: 2021.3.1f1 (3b70a0754835)
[Subsystems] Discovering subsystems at path D:/unity2021.3.1f1/2021.3.1f1/Editor/Data/Resources/UnitySubsystems
[Subsystems] Discovering subsystems at path C:/Users/Laptop/Desktop/EMG/Assets
GfxDevice: creating device client; threaded=0; jobified=0
Direct3D:
    Version:  Direct3D 11.0 [level 11.0]
    Renderer: NVIDIA GeForce 940MX (ID=0x134d)
    Vendor:   NVIDIA
    VRAM:     2010 MB
    Driver:   24.21.13.9907
Initialize mono
Mono path[0] = 'D:/unity2021.3.1f1/2021.3.1f1/Editor/Data/Managed'
Mono path[1] = 'D:/unity2021.3.1f1/2021.3.1f1/Editor/Data/MonoBleedingEdge/lib/mono/unityjit-win32'
Mono config path = 'D:/unity2021.3.1f1/2021.3.1f1/Editor/Data/MonoBleedingEdge/etc'
Using monoOptions --debugger-agent=transport=dt_socket,embedding=1,server=y,suspend=n,address=127.0.0.1:56864
Begin MonoManager ReloadAssembly
Registering precompiled unity dll's ...
Register platform support module: D:/unity2021.3.1f1/2021.3.1f1/Editor/Data/PlaybackEngines/WebGLSupport/UnityEditor.WebGL.Extensions.dll
Register platform support module: D:/unity2021.3.1f1/2021.3.1f1/Editor/Data/PlaybackEngines/WindowsStandaloneSupport/UnityEditor.WindowsStandalone.Extensions.dll
Registered in 0.069097 seconds.
Native extension for WindowsStandalone target not found
Native extension for WebGL target not found
Refreshing native plugins compatible for Editor in 127.51 ms, found 4 plugins.
Preloading 0 native plugins for Editor in 0.00 ms.
Mono: successfully reloaded assembly
- Completed reload, in  1.735 seconds
Domain Reload Profiling:
	ReloadAssembly (1737ms)
		BeginReloadAssembly (602ms)
			ExecutionOrderSort (0ms)
			DisableScriptedObjects (0ms)
			BackupInstance (0ms)
			ReleaseScriptingObjects (0ms)
			CreateAndSetChildDomain (2ms)
		EndReloadAssembly (784ms)
			LoadAssemblies (600ms)
			RebuildTransferFunctionScriptingTraits (0ms)
			SetupTypeCache (196ms)
			ReleaseScriptCaches (0ms)
			RebuildScriptCaches (54ms)
			SetupLoadedEditorAssemblies (442ms)
				LogAssemblyErrors (0ms)
				InitializePlatformSupportModulesInManaged (13ms)
				SetLoadedEditorAssemblies (0ms)
				RefreshPlugins (128ms)
				BeforeProcessingInitializeOnLoad (2ms)
				ProcessInitializeOnLoadAttributes (223ms)
				ProcessInitializeOnLoadMethodAttributes (75ms)
				AfterProcessingInitializeOnLoad (0ms)
				EditorAssembliesLoaded (0ms)
			ExecutionOrderSort2 (0ms)
			AwakeInstancesAfterBackupRestoration (0ms)
Platform modules already initialized, skipping
Registering precompiled user dll's ...
Registered in 0.034905 seconds.
Begin MonoManager ReloadAssembly
Symbol file LoadedFromMemory doesn't match image C:\Users\Laptop\Desktop\EMG\Library\PackageCache\com.unity.visualscripting@1.7.8\Editor\VisualScripting.Core\Dependencies\YamlDotNet\Unity.VisualScripting.YamlDotNet.dll
Symbol file LoadedFromMemory doesn't match image C:\Users\Laptop\Desktop\EMG\Library\PackageCache\com.unity.visualscripting@1.7.8\Editor\VisualScripting.Core\Dependencies\DotNetZip\Unity.VisualScripting.IonicZip.dll
Native extension for WindowsStandalone target not found
Native extension for WebGL target not found
Refreshing native plugins compatible for Editor in 1.67 ms, found 4 plugins.
Preloading 0 native plugins for Editor in 0.00 ms.
Mono: successfully reloaded assembly
- Completed reload, in  2.570 seconds
Domain Reload Profiling:
	ReloadAssembly (2572ms)
		BeginReloadAssembly (172ms)
			ExecutionOrderSort (0ms)
			DisableScriptedObjects (9ms)
			BackupInstance (0ms)
			ReleaseScriptingObjects (0ms)
			CreateAndSetChildDomain (31ms)
		EndReloadAssembly (2220ms)
			LoadAssemblies (262ms)
			RebuildTransferFunctionScriptingTraits (0ms)
			SetupTypeCache (535ms)
			ReleaseScriptCaches (7ms)
			RebuildScriptCaches (118ms)
			SetupLoadedEditorAssemblies (1141ms)
				LogAssemblyErrors (0ms)
				InitializePlatformSupportModulesInManaged (25ms)
				SetLoadedEditorAssemblies (1ms)
				RefreshPlugins (2ms)
				BeforeProcessingInitializeOnLoad (159ms)
				ProcessInitializeOnLoadAttributes (830ms)
				ProcessInitializeOnLoadMethodAttributes (120ms)
				AfterProcessingInitializeOnLoad (4ms)
				EditorAssembliesLoaded (0ms)
			ExecutionOrderSort2 (0ms)
			AwakeInstancesAfterBackupRestoration (11ms)
Platform modules already initialized, skipping
========================================================================
Worker process is ready to serve import requests
Launched and connected shader compiler UnityShaderCompiler.exe after 0.23 seconds
Refreshing native plugins compatible for Editor in 0.65 ms, found 4 plugins.
Preloading 0 native plugins for Editor in 0.00 ms.
Unloading 3267 Unused Serialized files (Serialized files now loaded: 0)
Unloading 25 unused Assets / (112.3 KB). Loaded Objects now: 3728.
Memory consumption went from 118.0 MB to 117.9 MB.
Total: 4.136800 ms (FindLiveObjects: 0.449200 ms CreateObjectMapping: 0.351300 ms MarkObjects: 3.157400 ms  DeleteObjects: 0.177400 ms)

AssetImportParameters requested are different than current active one (requested -> active):
  custom:video-decoder-ogg-theora: a1e56fd34408186e4bbccfd4996cb3dc -> 
  custom:container-muxer-webm: aa71ff27fc2769a1b78a27578f13a17b -> 
  custom:container-demuxer-webm: 4f35f7cbe854078d1ac9338744f61a02 -> 
  custom:video-encoder-webm-vp8: eb34c28f22e8b96e1ab97ce403110664 -> 
  custom:audio-encoder-webm-vorbis: bf7c407c2cedff20999df2af8eb42d56 -> 
  custom:framework-win-MediaFoundation: 216162199b28c13a410421893ffa2e32 -> 
  custom:container-demuxer-ogg: 62fdf1f143b41e24485cea50d1cbac27 -> 
  custom:video-decoder-webm-vp8: 9c59270c3fd7afecdb556c50c9e8de78 -> 
  custom:audio-decoder-ogg-vorbis: bf7c407c2cedff20999df2af8eb42d56 -> 
========================================================================
Received Prepare
Registering precompiled user dll's ...
Registered in 0.035785 seconds.
Begin MonoManager ReloadAssembly
Symbol file LoadedFromMemory doesn't match image C:\Users\Laptop\Desktop\EMG\Library\PackageCache\com.unity.visualscripting@1.7.8\Editor\VisualScripting.Core\Dependencies\YamlDotNet\Unity.VisualScripting.YamlDotNet.dll
Symbol file LoadedFromMemory doesn't match image C:\Users\Laptop\Desktop\EMG\Library\PackageCache\com.unity.visualscripting@1.7.8\Editor\VisualScripting.Core\Dependencies\DotNetZip\Unity.VisualScripting.IonicZip.dll
Native extension for WindowsStandalone target not found
Native extension for WebGL target not found
Refreshing native plugins compatible for Editor in 0.75 ms, found 4 plugins.
Preloading 0 native plugins for Editor in 0.00 ms.
Mono: successfully reloaded assembly
- Completed reload, in  1.559 seconds
Domain Reload Profiling:
	ReloadAssembly (1560ms)
		BeginReloadAssembly (276ms)
			ExecutionOrderSort (0ms)
			DisableScriptedObjects (10ms)
			BackupInstance (0ms)
			ReleaseScriptingObjects (0ms)
			CreateAndSetChildDomain (85ms)
		EndReloadAssembly (1124ms)
			LoadAssemblies (166ms)
			RebuildTransferFunctionScriptingTraits (0ms)
			SetupTypeCache (397ms)
			ReleaseScriptCaches (2ms)
			RebuildScriptCaches (59ms)
			SetupLoadedEditorAssemblies (483ms)
				LogAssemblyErrors (0ms)
				InitializePlatformSupportModulesInManaged (18ms)
				SetLoadedEditorAssemblies (1ms)
				RefreshPlugins (1ms)
				BeforeProcessingInitializeOnLoad (111ms)
				ProcessInitializeOnLoadAttributes (311ms)
				ProcessInitializeOnLoadMethodAttributes (37ms)
				AfterProcessingInitializeOnLoad (5ms)
				EditorAssembliesLoaded (0ms)
			ExecutionOrderSort2 (0ms)
			AwakeInstancesAfterBackupRestoration (9ms)
Platform modules already initialized, skipping
Refreshing native plugins compatible for Editor in 4.04 ms, found 4 plugins.
Preloading 0 native plugins for Editor in 0.00 ms.
Unloading 3251 Unused Serialized files (Serialized files now loaded: 0)
Unloading 18 unused Assets / (79.6 KB). Loaded Objects now: 3731.
Memory consumption went from 116.9 MB to 116.8 MB.
Total: 6.145000 ms (FindLiveObjects: 0.362700 ms CreateObjectMapping: 0.478300 ms MarkObjects: 5.069200 ms  DeleteObjects: 0.232300 ms)

AssetImportParameters requested are different than current active one (requested -> active):
  custom:video-decoder-ogg-theora: a1e56fd34408186e4bbccfd4996cb3dc -> 
  custom:container-muxer-webm: aa71ff27fc2769a1b78a27578f13a17b -> 
  custom:container-demuxer-webm: 4f35f7cbe854078d1ac9338744f61a02 -> 
  custom:video-encoder-webm-vp8: eb34c28f22e8b96e1ab97ce403110664 -> 
  custom:audio-encoder-webm-vorbis: bf7c407c2cedff20999df2af8eb42d56 -> 
  custom:framework-win-MediaFoundation: 216162199b28c13a410421893ffa2e32 -> 
  custom:container-demuxer-ogg: 62fdf1f143b41e24485cea50d1cbac27 -> 
  custom:video-decoder-webm-vp8: 9c59270c3fd7afecdb556c50c9e8de78 -> 
  custom:audio-decoder-ogg-vorbis: bf7c407c2cedff20999df2af8eb42d56 -> 
========================================================================
Received Import Request.
  Time since last request: 1665112.515546 seconds.
  path: Assets/Player.prefab
  artifactKey: Guid(a95ac45f38e72394eaf87d1eb459e089) Importer(815301076,1909f56bfc062723c751e8b465ee728b)
Start importing Assets/Player.prefab using Guid(a95ac45f38e72394eaf87d1eb459e089) Importer(815301076,1909f56bfc062723c751e8b465ee728b)  -> (artifact id: '1db10cb663104d6a4d3712eaf458903a') in 1.983834 seconds 
========================================================================
Received Import Request.
  Time since last request: 223.027344 seconds.
  path: Assets/Player.prefab
  artifactKey: Guid(a95ac45f38e72394eaf87d1eb459e089) Importer(815301076,1909f56bfc062723c751e8b465ee728b)
Start importing Assets/Player.prefab using Guid(a95ac45f38e72394eaf87d1eb459e089) Importer(815301076,1909f56bfc062723c751e8b465ee728b)  -> (artifact id: '1b126c03650ec33a8a69ac4ee9fc5a8a') in 0.201982 seconds 
========================================================================
Received Import Request.
  Time since last request: 3.504875 seconds.
  path: Assets/EEG/LSLInput.cs
  artifactKey: Guid(6fb81408bdc41e749a86a1bbfae015e7) Importer(815301076,1909f56bfc062723c751e8b465ee728b)
Start importing Assets/EEG/LSLInput.cs using Guid(6fb81408bdc41e749a86a1bbfae015e7) Importer(815301076,1909f56bfc062723c751e8b465ee728b)  -> (artifact id: 'b94fd7fb5006d684e3d485c5bfaecc93') in 0.015209 seconds 
========================================================================
Received Import Request.
  Time since last request: 44.379644 seconds.
  path: Assets/Player.prefab
  artifactKey: Guid(a95ac45f38e72394eaf87d1eb459e089) Importer(815301076,1909f56bfc062723c751e8b465ee728b)
Start importing Assets/Player.prefab using Guid(a95ac45f38e72394eaf87d1eb459e089) Importer(815301076,1909f56bfc062723c751e8b465ee728b) Tried select unknown importer for id '-2' '00000000000000000000000000000000'
 -> (artifact id: '3005d06978dd31501fd36bd52a8451fc') in 0.064980 seconds 
========================================================================
Received Import Request.
  Time since last request: 92.868227 seconds.
  path: Assets/lsl.dll
  artifactKey: Guid(4c063cf14be86d341ac620d6d6757bba) Importer(815301076,1909f56bfc062723c751e8b465ee728b)
Start importing Assets/lsl.dll using Guid(4c063cf14be86d341ac620d6d6757bba) Importer(815301076,1909f56bfc062723c751e8b465ee728b)  -> (artifact id: '60f9c158c7e9b8227b15c8f69093b6cd') in 0.027618 seconds 
========================================================================
Received Import Request.
  Time since last request: 8.368735 seconds.
  path: Assets/LSLInput.cs
  artifactKey: Guid(a67c6a68e647aa24a938bffb96d7df7b) Importer(815301076,1909f56bfc062723c751e8b465ee728b)
Start importing Assets/LSLInput.cs using Guid(a67c6a68e647aa24a938bffb96d7df7b) Importer(815301076,1909f56bfc062723c751e8b465ee728b)  -> (artifact id: '7371494be0a4a1fb715ed7445617d707') in 0.003115 seconds 
========================================================================
Received Import Request.
  Time since last request: 2.092842 seconds.
  path: Assets/Player.cs
  artifactKey: Guid(d6506c9ae12029e4d83b322d0f5370ae) Importer(815301076,1909f56bfc062723c751e8b465ee728b)
Start importing Assets/Player.cs using Guid(d6506c9ae12029e4d83b322d0f5370ae) Importer(815301076,1909f56bfc062723c751e8b465ee728b)  -> (artifact id: '1e6f0ed15e023bce98ed06afa711bdaa') in 0.003815 seconds 
========================================================================
Received Import Request.
  Time since last request: 331.633048 seconds.
  path: Assets/Player.prefab
  artifactKey: Guid(a95ac45f38e72394eaf87d1eb459e089) Importer(815301076,1909f56bfc062723c751e8b465ee728b)
Start importing Assets/Player.prefab using Guid(a95ac45f38e72394eaf87d1eb459e089) Importer(815301076,1909f56bfc062723c751e8b465ee728b) Tried select unknown importer for id '-2' '00000000000000000000000000000000'
 -> (artifact id: '99c32c3ed0cd09e02a444f3baf1da3c2') in 0.280567 seconds 
========================================================================
Received Import Request.
  Time since last request: 13.231837 seconds.
  path: Assets/lsl.dll
  artifactKey: Guid(7ed024863ecf36242be21de1dd1fce93) Importer(815301076,1909f56bfc062723c751e8b465ee728b)
Start importing Assets/lsl.dll using Guid(7ed024863ecf36242be21de1dd1fce93) Importer(815301076,1909f56bfc062723c751e8b465ee728b)  -> (artifact id: 'efff8b35ed096a856c150a7f8dad28b6') in 0.007450 seconds 
========================================================================
Received Import Request.
  Time since last request: 36.993783 seconds.
  path: Assets/Player.prefab
  artifactKey: Guid(a95ac45f38e72394eaf87d1eb459e089) Importer(815301076,1909f56bfc062723c751e8b465ee728b)
Start importing Assets/Player.prefab using Guid(a95ac45f38e72394eaf87d1eb459e089) Importer(815301076,1909f56bfc062723c751e8b465ee728b) Tried select unknown importer for id '-2' '00000000000000000000000000000000'
 -> (artifact id: 'c62f56d082cfea4cf242491ed3d1ff9a') in 0.084661 seconds 
========================================================================
Received Import Request.
  Time since last request: 4.965580 seconds.
  path: Assets/EEG/LSL.cs
  artifactKey: Guid(c4b52782c44edb9448ee2a58027e87cf) Importer(815301076,1909f56bfc062723c751e8b465ee728b)
Start importing Assets/EEG/LSL.cs using Guid(c4b52782c44edb9448ee2a58027e87cf) Importer(815301076,1909f56bfc062723c751e8b465ee728b)  -> (artifact id: '33a43a7889bdfca7f7f45fc11bfffd4a') in 0.008745 seconds 
========================================================================
Received Import Request.
  Time since last request: 3.364726 seconds.
  path: Assets/LSL.cs
  artifactKey: Guid(df91b37fdb897dd4e9c25e073105fc25) Importer(815301076,1909f56bfc062723c751e8b465ee728b)
Start importing Assets/LSL.cs using Guid(df91b37fdb897dd4e9c25e073105fc25) Importer(815301076,1909f56bfc062723c751e8b465ee728b)  -> (artifact id: 'a483089f2f55ef9369ad49757d6d3b55') in 0.005074 seconds 
========================================================================
Received Import Request.
  Time since last request: 26.823318 seconds.
  path: Assets/EEG/LSLInput.cs
  artifactKey: Guid(a67c6a68e647aa24a938bffb96d7df7b) Importer(815301076,1909f56bfc062723c751e8b465ee728b)
Start importing Assets/EEG/LSLInput.cs using Guid(a67c6a68e647aa24a938bffb96d7df7b) Importer(815301076,1909f56bfc062723c751e8b465ee728b)  -> (artifact id: '8a0a0a03d874e2090c07aae0f3d2eebd') in 0.011769 seconds 
========================================================================
Received Import Request.
  Time since last request: 41.004388 seconds.
  path: Assets/EEG/EEGFaceChange.cs
  artifactKey: Guid(1d6562c66d21ef94fbeb574b3f176e47) Importer(815301076,1909f56bfc062723c751e8b465ee728b)
Start importing Assets/EEG/EEGFaceChange.cs using Guid(1d6562c66d21ef94fbeb574b3f176e47) Importer(815301076,1909f56bfc062723c751e8b465ee728b)  -> (artifact id: 'f247338684f70b295d0e52f600614434') in 0.011069 seconds 
